2021-04-01 10:53:46,882 - Log4JLogChute initialized using file 'velocity.log'
2021-04-01 10:53:46,882 - The version of log4j being used does not support the "trace" level.
2021-04-01 10:53:46,882 - Initializing Velocity, Calling init()...
2021-04-01 10:53:46,882 - *******************************************************************
2021-04-01 10:53:46,882 - Starting Apache Velocity v1.7 (compiled: 2010-11-19 12:14:37)
2021-04-01 10:53:46,882 - RuntimeInstance initializing.
2021-04-01 10:53:46,882 - Default Properties File: org\apache\velocity\runtime\defaults\velocity.properties
2021-04-01 10:53:46,882 - Trying to use logger class org.apache.velocity.runtime.log.AvalonLogChute
2021-04-01 10:53:46,882 - Target log system for org.apache.velocity.runtime.log.AvalonLogChute is not available (java.lang.NoClassDefFoundError: org/apache/log/format/Formatter).  Falling back to next log system...
2021-04-01 10:53:46,882 - Trying to use logger class org.apache.velocity.runtime.log.Log4JLogChute
2021-04-01 10:53:46,882 - Using logger class org.apache.velocity.runtime.log.Log4JLogChute
2021-04-01 10:53:46,882 - Default ResourceManager initializing. (class org.apache.velocity.runtime.resource.ResourceManagerImpl)
2021-04-01 10:53:46,898 - ResourceLoader instantiated: org.apache.velocity.runtime.resource.loader.FileResourceLoader
2021-04-01 10:53:46,898 - FileResourceLoader : initialization starting.
2021-04-01 10:53:46,898 - Do unicode file recognition:  false
2021-04-01 10:53:46,898 - FileResourceLoader : adding path '.'
2021-04-01 10:53:46,898 - FileResourceLoader : initialization complete.
2021-04-01 10:53:46,960 - ResourceCache: initialized (class org.apache.velocity.runtime.resource.ResourceCacheImpl) with class java.util.Collections$SynchronizedMap cache map.
2021-04-01 10:53:46,960 - Default ResourceManager initialization complete.
2021-04-01 10:53:46,960 - Loaded System Directive: org.apache.velocity.runtime.directive.Stop
2021-04-01 10:53:46,960 - Loaded System Directive: org.apache.velocity.runtime.directive.Define
2021-04-01 10:53:46,960 - Loaded System Directive: org.apache.velocity.runtime.directive.Break
2021-04-01 10:53:46,960 - Loaded System Directive: org.apache.velocity.runtime.directive.Evaluate
2021-04-01 10:53:46,960 - Loaded System Directive: org.apache.velocity.runtime.directive.Literal
2021-04-01 10:53:46,960 - Loaded System Directive: org.apache.velocity.runtime.directive.Macro
2021-04-01 10:53:46,960 - Loaded System Directive: org.apache.velocity.runtime.directive.Parse
2021-04-01 10:53:46,960 - Loaded System Directive: org.apache.velocity.runtime.directive.Include
2021-04-01 10:53:46,976 - Loaded System Directive: org.apache.velocity.runtime.directive.Foreach
2021-04-01 10:53:47,007 - Created '20' parsers.
2021-04-01 10:53:47,022 - Velocimacro : initialization starting.
2021-04-01 10:53:47,022 - Velocimacro : "velocimacro.library" is not set.  Trying default library: VM_global_library.vm
2021-04-01 10:53:47,022 - Velocimacro : Default library not found.
2021-04-01 10:53:47,022 - Velocimacro : allowInline = true : VMs can be defined inline in templates
2021-04-01 10:53:47,022 - Velocimacro : allowInlineToOverride = false : VMs defined inline may NOT replace previous VM definitions
2021-04-01 10:53:47,022 - Velocimacro : allowInlineLocal = false : VMs defined inline will be global in scope if allowed.
2021-04-01 10:53:47,022 - Velocimacro : autoload off : VM system will not automatically reload global library macros
2021-04-01 10:53:47,022 - Velocimacro : Velocimacro : initialization complete.
2021-04-01 10:53:47,022 - RuntimeInstance successfully initialized.
